2021-09-13 15:58:31,664 [INFO] Activator:170 - 


2021-09-13 15:58:31,664 [INFO] Activator:171 - !SESSION log4j initialized
2021-09-13 15:59:14,005 [INFO] McuFinderGlobals:39 - Set McuFinder mode to 2 (CubeIDE integrated)
2021-09-13 15:59:16,179 [INFO] ApplicationProperties:181 - Using Application install path: C:\ST\STM32CubeIDE_1.6.1\STM32CubeIDE\plugins\com.st.stm32cube.common.mx_6.2.1.202103241236
2021-09-13 15:59:16,195 [INFO] DbMcusXml:74 - Set database path to: C:\ST\STM32CubeIDE_1.6.1\STM32CubeIDE\plugins\com.st.stm32cube.common.mx_6.2.1.202103241236\\db\/mcu/
2021-09-13 15:59:16,195 [INFO] DbBoardsPdsc:56 - Set plugin database path to: C:\ST\STM32CubeIDE_1.6.1\STM32CubeIDE\plugins\com.st.stm32cube.common.mx_6.2.1.202103241236\\db\/plugins/boardmanager/
2021-09-13 15:59:16,195 [INFO] DbMcus:258 - Set plugin images path to: C:\ST\STM32CubeIDE_1.6.1\STM32CubeIDE\plugins\com.st.stm32cube.common.mx_6.2.1.202103241236\\db\/plugins/mcufinder/images/
2021-09-13 15:59:16,210 [INFO] DbBoards:264 - Set plugin images path to: C:\ST\STM32CubeIDE_1.6.1\STM32CubeIDE\plugins\com.st.stm32cube.common.mx_6.2.1.202103241236\\db\/plugins/mcufinder/images/
2021-09-13 15:59:16,210 [INFO] DbExamples:333 - Set plugin images path to: C:\ST\STM32CubeIDE_1.6.1\STM32CubeIDE\plugins\com.st.stm32cube.common.mx_6.2.1.202103241236\\db\/plugins/mcufinder/images/
2021-09-13 15:59:16,226 [INFO] DbMcusAds:85 - Set database path to: C:\Users\KenechukwuEzeonyim\.stmcufinder\plugins\mcufinder//mcu/
2021-09-13 15:59:16,226 [INFO] DbMcusDocs:110 - Set database path to: C:\Users\KenechukwuEzeonyim\.stmcufinder\plugins\mcufinder//mcu/
2021-09-13 15:59:16,226 [INFO] DbMcusJson:65 - Set database path to: C:\Users\KenechukwuEzeonyim\.stmcufinder\plugins\mcufinder//mcu/
2021-09-13 15:59:16,226 [INFO] DbBoardsDocs:110 - Set database path to: C:\Users\KenechukwuEzeonyim\.stmcufinder\plugins\mcufinder//mcu/
2021-09-13 15:59:16,226 [INFO] DbBoardsJson:58 - Set database path to: C:\Users\KenechukwuEzeonyim\.stmcufinder\plugins\mcufinder//mcu/
2021-09-13 15:59:16,241 [INFO] CrossReferenceDbSqlite:196 - Set database path to: C:\Users\KenechukwuEzeonyim\.stmcufinder\plugins\mcufinder//mcu/cs/
2021-09-13 15:59:16,257 [INFO] DbExamplesSqlite:690 - Set database path to: C:\Users\KenechukwuEzeonyim\.stmcufinder\plugins\mcufinder//mcu/
2021-09-13 15:59:16,379 [INFO] RulesReader:52 - Compatibility file has been processed (237 Rules)
2021-09-13 15:59:16,480 [INFO] MicroXplorer:622 - Detected Java Version = 11.0.9.1
2021-09-13 15:59:16,480 [INFO] DbMcusXml:74 - Set database path to: C:\ST\STM32CubeIDE_1.6.1\STM32CubeIDE\plugins\com.st.stm32cube.common.mx_6.2.1.202103241236\\db\/mcu/
2021-09-13 15:59:16,480 [INFO] DbBoardsPdsc:56 - Set plugin database path to: C:\ST\STM32CubeIDE_1.6.1\STM32CubeIDE\plugins\com.st.stm32cube.common.mx_6.2.1.202103241236\\db\/plugins/boardmanager/
2021-09-13 15:59:16,480 [INFO] DbMcus:258 - Set plugin images path to: C:\ST\STM32CubeIDE_1.6.1\STM32CubeIDE\plugins\com.st.stm32cube.common.mx_6.2.1.202103241236\\db\/plugins/mcufinder/images/
2021-09-13 15:59:16,480 [INFO] DbBoards:264 - Set plugin images path to: C:\ST\STM32CubeIDE_1.6.1\STM32CubeIDE\plugins\com.st.stm32cube.common.mx_6.2.1.202103241236\\db\/plugins/mcufinder/images/
2021-09-13 15:59:16,480 [INFO] DbExamples:333 - Set plugin images path to: C:\ST\STM32CubeIDE_1.6.1\STM32CubeIDE\plugins\com.st.stm32cube.common.mx_6.2.1.202103241236\\db\/plugins/mcufinder/images/
2021-09-13 15:59:16,480 [WARN] DbFile:35 - Overriding database path with different value: C:\Users\KenechukwuEzeonyim\.stmcufinder\plugins\mcufinder/ => C:\Users\KenechukwuEzeonyim\.stmcufinder\plugins\mcufinder
2021-09-13 15:59:16,480 [INFO] DbMcusAds:85 - Set database path to: C:\Users\KenechukwuEzeonyim\.stmcufinder\plugins\mcufinder//mcu/
2021-09-13 15:59:16,480 [WARN] DbFile:35 - Overriding database path with different value: C:\Users\KenechukwuEzeonyim\.stmcufinder\plugins\mcufinder/ => C:\Users\KenechukwuEzeonyim\.stmcufinder\plugins\mcufinder
2021-09-13 15:59:16,480 [INFO] DbMcusDocs:110 - Set database path to: C:\Users\KenechukwuEzeonyim\.stmcufinder\plugins\mcufinder//mcu/
2021-09-13 15:59:16,480 [WARN] DbFile:35 - Overriding database path with different value: C:\Users\KenechukwuEzeonyim\.stmcufinder\plugins\mcufinder/ => C:\Users\KenechukwuEzeonyim\.stmcufinder\plugins\mcufinder
2021-09-13 15:59:16,480 [INFO] DbMcusJson:65 - Set database path to: C:\Users\KenechukwuEzeonyim\.stmcufinder\plugins\mcufinder//mcu/
2021-09-13 15:59:16,480 [WARN] DbFile:35 - Overriding database path with different value: C:\Users\KenechukwuEzeonyim\.stmcufinder\plugins\mcufinder/ => C:\Users\KenechukwuEzeonyim\.stmcufinder\plugins\mcufinder
2021-09-13 15:59:16,480 [INFO] DbBoardsDocs:110 - Set database path to: C:\Users\KenechukwuEzeonyim\.stmcufinder\plugins\mcufinder//mcu/
2021-09-13 15:59:16,480 [WARN] DbFile:35 - Overriding database path with different value: C:\Users\KenechukwuEzeonyim\.stmcufinder\plugins\mcufinder/ => C:\Users\KenechukwuEzeonyim\.stmcufinder\plugins\mcufinder
2021-09-13 15:59:16,480 [INFO] DbBoardsJson:58 - Set database path to: C:\Users\KenechukwuEzeonyim\.stmcufinder\plugins\mcufinder//mcu/
2021-09-13 15:59:16,480 [WARN] DbFile:35 - Overriding database path with different value: C:\Users\KenechukwuEzeonyim\.stmcufinder\plugins\mcufinder/ => C:\Users\KenechukwuEzeonyim\.stmcufinder\plugins\mcufinder
2021-09-13 15:59:16,480 [WARN] DbFile:35 - Overriding database path with different value: C:\Users\KenechukwuEzeonyim\.stmcufinder\plugins\mcufinder/ => C:\Users\KenechukwuEzeonyim\.stmcufinder\plugins\mcufinder
2021-09-13 15:59:16,480 [INFO] CrossReferenceDbSqlite:196 - Set database path to: C:\Users\KenechukwuEzeonyim\.stmcufinder\plugins\mcufinder//mcu/cs/
2021-09-13 15:59:16,480 [WARN] DbFile:35 - Overriding database path with different value: C:\Users\KenechukwuEzeonyim\.stmcufinder\plugins\mcufinder/ => C:\Users\KenechukwuEzeonyim\.stmcufinder\plugins\mcufinder
2021-09-13 15:59:16,480 [INFO] DbExamplesSqlite:690 - Set database path to: C:\Users\KenechukwuEzeonyim\.stmcufinder\plugins\mcufinder//mcu/
2021-09-13 15:59:16,564 [INFO] MainPanel:204 - HeapMemory: 433061888
2021-09-13 15:59:16,711 [INFO] DbMcusXml:74 - Set database path to: C:\ST\STM32CubeIDE_1.6.1\STM32CubeIDE\plugins\com.st.stm32cube.common.mx_6.2.1.202103241236\\db\/mcu/
2021-09-13 15:59:16,711 [INFO] DbBoardsPdsc:56 - Set plugin database path to: C:\ST\STM32CubeIDE_1.6.1\STM32CubeIDE\plugins\com.st.stm32cube.common.mx_6.2.1.202103241236\\db\/plugins/boardmanager/
2021-09-13 15:59:16,711 [INFO] DbMcus:258 - Set plugin images path to: C:\ST\STM32CubeIDE_1.6.1\STM32CubeIDE\plugins\com.st.stm32cube.common.mx_6.2.1.202103241236\\db\/plugins/mcufinder/images/
2021-09-13 15:59:16,711 [INFO] DbBoards:264 - Set plugin images path to: C:\ST\STM32CubeIDE_1.6.1\STM32CubeIDE\plugins\com.st.stm32cube.common.mx_6.2.1.202103241236\\db\/plugins/mcufinder/images/
2021-09-13 15:59:16,711 [INFO] DbExamples:333 - Set plugin images path to: C:\ST\STM32CubeIDE_1.6.1\STM32CubeIDE\plugins\com.st.stm32cube.common.mx_6.2.1.202103241236\\db\/plugins/mcufinder/images/
2021-09-13 15:59:16,711 [WARN] DbFile:35 - Overriding database path with different value: C:\Users\KenechukwuEzeonyim\.stmcufinder\plugins\mcufinder/ => C:\Users\KenechukwuEzeonyim\.stmcufinder\plugins\mcufinder
2021-09-13 15:59:16,711 [INFO] DbMcusAds:85 - Set database path to: C:\Users\KenechukwuEzeonyim\.stmcufinder\plugins\mcufinder//mcu/
2021-09-13 15:59:16,711 [WARN] DbFile:35 - Overriding database path with different value: C:\Users\KenechukwuEzeonyim\.stmcufinder\plugins\mcufinder/ => C:\Users\KenechukwuEzeonyim\.stmcufinder\plugins\mcufinder
2021-09-13 15:59:16,711 [INFO] DbMcusDocs:110 - Set database path to: C:\Users\KenechukwuEzeonyim\.stmcufinder\plugins\mcufinder//mcu/
2021-09-13 15:59:16,711 [WARN] DbFile:35 - Overriding database path with different value: C:\Users\KenechukwuEzeonyim\.stmcufinder\plugins\mcufinder/ => C:\Users\KenechukwuEzeonyim\.stmcufinder\plugins\mcufinder
2021-09-13 15:59:16,711 [INFO] DbMcusJson:65 - Set database path to: C:\Users\KenechukwuEzeonyim\.stmcufinder\plugins\mcufinder//mcu/
2021-09-13 15:59:16,711 [WARN] DbFile:35 - Overriding database path with different value: C:\Users\KenechukwuEzeonyim\.stmcufinder\plugins\mcufinder/ => C:\Users\KenechukwuEzeonyim\.stmcufinder\plugins\mcufinder
2021-09-13 15:59:16,711 [INFO] DbBoardsDocs:110 - Set database path to: C:\Users\KenechukwuEzeonyim\.stmcufinder\plugins\mcufinder//mcu/
2021-09-13 15:59:16,711 [WARN] DbFile:35 - Overriding database path with different value: C:\Users\KenechukwuEzeonyim\.stmcufinder\plugins\mcufinder/ => C:\Users\KenechukwuEzeonyim\.stmcufinder\plugins\mcufinder
2021-09-13 15:59:16,711 [INFO] DbBoardsJson:58 - Set database path to: C:\Users\KenechukwuEzeonyim\.stmcufinder\plugins\mcufinder//mcu/
2021-09-13 15:59:16,711 [WARN] DbFile:35 - Overriding database path with different value: C:\Users\KenechukwuEzeonyim\.stmcufinder\plugins\mcufinder/ => C:\Users\KenechukwuEzeonyim\.stmcufinder\plugins\mcufinder
2021-09-13 15:59:16,711 [WARN] DbFile:35 - Overriding database path with different value: C:\Users\KenechukwuEzeonyim\.stmcufinder\plugins\mcufinder/ => C:\Users\KenechukwuEzeonyim\.stmcufinder\plugins\mcufinder
2021-09-13 15:59:16,711 [INFO] CrossReferenceDbSqlite:196 - Set database path to: C:\Users\KenechukwuEzeonyim\.stmcufinder\plugins\mcufinder//mcu/cs/
2021-09-13 15:59:16,711 [WARN] DbFile:35 - Overriding database path with different value: C:\Users\KenechukwuEzeonyim\.stmcufinder\plugins\mcufinder/ => C:\Users\KenechukwuEzeonyim\.stmcufinder\plugins\mcufinder
2021-09-13 15:59:16,711 [INFO] DbExamplesSqlite:690 - Set database path to: C:\Users\KenechukwuEzeonyim\.stmcufinder\plugins\mcufinder//mcu/
2021-09-13 15:59:16,727 [INFO] ApplicationProperties:181 - Using Application install path: C:\ST\STM32CubeIDE_1.6.1\STM32CubeIDE\plugins\com.st.stm32cube.common.mx_6.2.1.202103241236
2021-09-13 15:59:16,727 [INFO] PluginManage:178 - Search for loadable plugins [exclusion list=, ]
2021-09-13 15:59:16,743 [INFO] PluginManage:292 - Check plugin analytics
2021-09-13 15:59:17,026 [INFO] AnalyticsPlugin:233 - Accepted Software Licenses: 
2021-09-13 15:59:17,026 [INFO] AnalyticsPlugin:235 - Accepted CMSIS Pack Licenses: 
2021-09-13 15:59:17,026 [INFO] AnalyticsPlugin:237 - Accepted Firmware Licenses: 
2021-09-13 15:59:17,026 [INFO] PluginManage:342 - Loaded plugin analytics (category:tool,tabindex:-1)
2021-09-13 15:59:17,026 [INFO] PluginManage:292 - Check plugin clock
2021-09-13 15:59:17,051 [INFO] PluginManage:342 - Loaded plugin clock (category:base,tabindex:2)
2021-09-13 15:59:17,051 [INFO] PluginManage:292 - Check plugin ddr
2021-09-13 15:59:17,051 [INFO] PluginManage:342 - Loaded plugin ddr (category:tool,tabindex:6)
2021-09-13 15:59:17,051 [INFO] PluginManage:292 - Check plugin filemanager
2021-09-13 15:59:17,236 [INFO] PluginManage:342 - Loaded plugin filemanager (category:base,tabindex:10)
2021-09-13 15:59:17,236 [INFO] PluginManage:292 - Check plugin ipmanager
2021-09-13 15:59:17,267 [INFO] PluginManage:342 - Loaded plugin ipmanager (category:base,tabindex:5)
2021-09-13 15:59:17,267 [INFO] PluginManage:292 - Check plugin pinoutandconfiguration
2021-09-13 15:59:17,299 [INFO] PluginManage:342 - Loaded plugin pinoutandconfiguration (category:base,tabindex:1)
2021-09-13 15:59:17,299 [INFO] PluginManage:292 - Check plugin pinoutconfig
2021-09-13 15:59:17,348 [INFO] PluginManage:342 - Loaded plugin pinoutconfig (category:base,tabindex:0)
2021-09-13 15:59:17,348 [INFO] PluginManage:292 - Check plugin power
2021-09-13 15:59:17,377 [INFO] PluginManage:342 - Loaded plugin power (category:power,tabindex:4)
2021-09-13 15:59:17,377 [INFO] PluginManage:292 - Check plugin projectmanager
2021-09-13 15:59:17,409 [INFO] PluginManage:342 - Loaded plugin projectmanager (category:projectmanager,tabindex:3)
2021-09-13 15:59:17,409 [INFO] PluginManage:292 - Check plugin thirdparty
2021-09-13 15:59:17,771 [INFO] PluginManage:342 - Loaded plugin thirdparty (category:base,tabindex:-1)
2021-09-13 15:59:17,779 [INFO] PluginManage:292 - Check plugin tools
2021-09-13 15:59:17,779 [WARN] IntegrityCheckThread:59 - waiting for thirdparty lock release [integrity check]
2021-09-13 15:59:17,781 [INFO] IntegrityCheckThread:61 - entering critical section [integrity check]
2021-09-13 15:59:17,781 [INFO] ThirdPartyUpdaterWithRetryManager:56 - Updater plugin not ready yet. [1/15]
2021-09-13 15:59:17,842 [INFO] PluginManage:342 - Loaded plugin tools (category:base,tabindex:7)
2021-09-13 15:59:17,842 [INFO] PluginManage:292 - Check plugin tutovideos
2021-09-13 15:59:18,223 [INFO] PluginManage:342 - Loaded plugin tutovideos (category:base,tabindex:-1)
2021-09-13 15:59:18,223 [INFO] PluginManage:292 - Check plugin updater
2021-09-13 15:59:18,239 [INFO] PluginManage:342 - Loaded plugin updater (category:base,tabindex:12)
2021-09-13 15:59:18,239 [INFO] PluginManage:265 - PluginManage : Loaded plugins [13]
2021-09-13 15:59:18,577 [INFO] PinOutPanel:1435 - setPackage(No Configuration,No Configuration)
2021-09-13 15:59:18,735 [INFO] IPUIPlugin:64 - create IPUIPlugin
2021-09-13 15:59:18,751 [INFO] PluginManager:203 - loadIPPluginJar : add adc
2021-09-13 15:59:18,812 [INFO] IPUIPlugin:64 - create IPUIPlugin
2021-09-13 15:59:18,812 [INFO] PluginManager:203 - loadIPPluginJar : add aes
2021-09-13 15:59:18,875 [INFO] IPUIPlugin:64 - create IPUIPlugin
2021-09-13 15:59:18,875 [INFO] PluginManager:203 - loadIPPluginJar : add can
2021-09-13 15:59:18,905 [INFO] IPUIPlugin:64 - create IPUIPlugin
2021-09-13 15:59:18,905 [INFO] PluginManager:203 - loadIPPluginJar : add comp
2021-09-13 15:59:18,965 [INFO] IPUIPlugin:64 - create IPUIPlugin
2021-09-13 15:59:18,965 [INFO] PluginManager:203 - loadIPPluginJar : add cryp
2021-09-13 15:59:19,046 [INFO] IPUIPlugin:64 - create IPUIPlugin
2021-09-13 15:59:19,046 [INFO] PluginManager:203 - loadIPPluginJar : add dfsdm
2021-09-13 15:59:19,074 [INFO] IPUIPlugin:64 - create IPUIPlugin
2021-09-13 15:59:19,074 [INFO] PluginManager:203 - loadIPPluginJar : add dma
2021-09-13 15:59:19,115 [INFO] IPUIPlugin:64 - create IPUIPlugin
2021-09-13 15:59:19,115 [INFO] PluginManager:203 - loadIPPluginJar : add fatfs
2021-09-13 15:59:19,216 [INFO] IPUIPlugin:64 - create IPUIPlugin
2021-09-13 15:59:19,216 [INFO] PluginManager:203 - loadIPPluginJar : add fmc
2021-09-13 15:59:19,231 [INFO] IPUIPlugin:64 - create IPUIPlugin
2021-09-13 15:59:19,231 [INFO] PluginManager:203 - loadIPPluginJar : add freertos
2021-09-13 15:59:19,263 [INFO] IPUIPlugin:64 - create IPUIPlugin
2021-09-13 15:59:19,263 [INFO] PluginManager:203 - loadIPPluginJar : add genericplugin
2021-09-13 15:59:19,401 [INFO] IPUIPlugin:64 - create IPUIPlugin
2021-09-13 15:59:19,401 [INFO] PluginManager:203 - loadIPPluginJar : add gfxmmu
2021-09-13 15:59:19,563 [INFO] IPUIPlugin:64 - create IPUIPlugin
2021-09-13 15:59:19,563 [INFO] PluginManager:203 - loadIPPluginJar : add gic
2021-09-13 15:59:19,617 [INFO] IPUIPlugin:64 - create IPUIPlugin
2021-09-13 15:59:19,617 [INFO] PluginManager:203 - loadIPPluginJar : add gpio
2021-09-13 15:59:19,701 [INFO] IPUIPlugin:64 - create IPUIPlugin
2021-09-13 15:59:19,701 [INFO] PluginManager:203 - loadIPPluginJar : add gtzc
2021-09-13 15:59:19,732 [INFO] IPUIPlugin:64 - create IPUIPlugin
2021-09-13 15:59:19,732 [INFO] PluginManager:203 - loadIPPluginJar : add hash
2021-09-13 15:59:19,817 [INFO] IPUIPlugin:64 - create IPUIPlugin
2021-09-13 15:59:19,817 [INFO] PluginManager:203 - loadIPPluginJar : add i2c
2021-09-13 15:59:19,864 [INFO] IPUIPlugin:64 - create IPUIPlugin
2021-09-13 15:59:19,864 [INFO] PluginManager:203 - loadIPPluginJar : add i2s
2021-09-13 15:59:19,902 [INFO] IPUIPlugin:64 - create IPUIPlugin
2021-09-13 15:59:19,902 [INFO] PluginManager:203 - loadIPPluginJar : add ipddr
2021-09-13 15:59:19,949 [INFO] IPUIPlugin:64 - create IPUIPlugin
2021-09-13 15:59:19,949 [INFO] PluginManager:203 - loadIPPluginJar : add lorawan
2021-09-13 15:59:20,002 [INFO] IPUIPlugin:64 - create IPUIPlugin
2021-09-13 15:59:20,002 [INFO] PluginManager:203 - loadIPPluginJar : add ltdc
2021-09-13 15:59:20,018 [INFO] IPUIPlugin:64 - create IPUIPlugin
2021-09-13 15:59:20,018 [INFO] PluginManager:203 - loadIPPluginJar : add mdma
2021-09-13 15:59:20,033 [INFO] IPUIPlugin:64 - create IPUIPlugin
2021-09-13 15:59:20,033 [INFO] PluginManager:203 - loadIPPluginJar : add nvic
2021-09-13 15:59:20,087 [INFO] IPUIPlugin:64 - create IPUIPlugin
2021-09-13 15:59:20,087 [INFO] PluginManager:203 - loadIPPluginJar : add opamp
2021-09-13 15:59:20,165 [INFO] IPUIPlugin:64 - create IPUIPlugin
2021-09-13 15:59:20,165 [INFO] PluginManager:203 - loadIPPluginJar : add openamp
2021-09-13 15:59:20,202 [INFO] IPUIPlugin:64 - create IPUIPlugin
2021-09-13 15:59:20,202 [INFO] PluginManager:203 - loadIPPluginJar : add pdm2pcm
2021-09-13 15:59:20,234 [INFO] IPUIPlugin:64 - create IPUIPlugin
2021-09-13 15:59:20,234 [INFO] PluginManager:203 - loadIPPluginJar : add plateformsettings
2021-09-13 15:59:20,265 [INFO] IPUIPlugin:64 - create IPUIPlugin
2021-09-13 15:59:20,265 [INFO] PluginManager:203 - loadIPPluginJar : add quadspi
2021-09-13 15:59:20,287 [INFO] IPUIPlugin:64 - create IPUIPlugin
2021-09-13 15:59:20,287 [INFO] PluginManager:203 - loadIPPluginJar : add resmgrutility
2021-09-13 15:59:20,357 [INFO] IPUIPlugin:64 - create IPUIPlugin
2021-09-13 15:59:20,357 [INFO] PluginManager:203 - loadIPPluginJar : add sai
2021-09-13 15:59:20,403 [INFO] IPUIPlugin:64 - create IPUIPlugin
2021-09-13 15:59:20,403 [INFO] PluginManager:203 - loadIPPluginJar : add spi
2021-09-13 15:59:20,487 [INFO] IPUIPlugin:64 - create IPUIPlugin
2021-09-13 15:59:20,487 [INFO] PluginManager:203 - loadIPPluginJar : add stm32_wpan
2021-09-13 15:59:20,534 [INFO] IPUIPlugin:64 - create IPUIPlugin
2021-09-13 15:59:20,534 [INFO] PluginManager:203 - loadIPPluginJar : add tim
2021-09-13 15:59:20,635 [INFO] IPUIPlugin:64 - create IPUIPlugin
2021-09-13 15:59:20,635 [INFO] PluginManager:203 - loadIPPluginJar : add touchsensing
2021-09-13 15:59:20,666 [INFO] IPUIPlugin:64 - create IPUIPlugin
2021-09-13 15:59:20,666 [INFO] PluginManager:203 - loadIPPluginJar : add tracer_emb
2021-09-13 15:59:20,700 [INFO] IPUIPlugin:64 - create IPUIPlugin
2021-09-13 15:59:20,700 [INFO] PluginManager:203 - loadIPPluginJar : add ts
2021-09-13 15:59:20,738 [INFO] IPUIPlugin:64 - create IPUIPlugin
2021-09-13 15:59:20,738 [INFO] PluginManager:203 - loadIPPluginJar : add tsc
2021-09-13 15:59:20,770 [INFO] IPUIPlugin:64 - create IPUIPlugin
2021-09-13 15:59:20,770 [INFO] PluginManager:203 - loadIPPluginJar : add ucpd
2021-09-13 15:59:20,799 [INFO] ThirdPartyUpdaterWithRetryManager:56 - Updater plugin not ready yet. [2/15]
2021-09-13 15:59:20,824 [INFO] IPUIPlugin:64 - create IPUIPlugin
2021-09-13 15:59:20,824 [INFO] PluginManager:203 - loadIPPluginJar : add usart
2021-09-13 15:59:21,203 [FATAL] Updater:284 - Updater called before beeing initialized
2021-09-13 15:59:21,388 [FATAL] Updater:284 - Updater called before beeing initialized
2021-09-13 15:59:21,404 [INFO] DbMcusAds:132 - JSON generation date=Wed Aug 18 15:24:26 BST 2021 (1629296666117)
2021-09-13 15:59:21,410 [FATAL] Updater:284 - Updater called before beeing initialized
2021-09-13 15:59:21,457 [WARN] DetailPanel:315 - Failed to get advertising image, set to default
2021-09-13 15:59:21,689 [FATAL] Updater:284 - Updater called before beeing initialized
2021-09-13 15:59:21,689 [FATAL] Updater:284 - Updater called before beeing initialized
2021-09-13 15:59:21,689 [FATAL] Updater:284 - Updater called before beeing initialized
2021-09-13 15:59:21,689 [WARN] DetailPanel:315 - Failed to get advertising image, set to default
2021-09-13 15:59:21,689 [FATAL] Updater:284 - Updater called before beeing initialized
2021-09-13 15:59:21,758 [FATAL] Updater:284 - Updater called before beeing initialized
2021-09-13 15:59:21,758 [WARN] ThirdParty:796 - waiting for thirdparty lock release [close project]
2021-09-13 15:59:23,896 [INFO] ThirdPartyUpdaterWithRetryManager:56 - Updater plugin not ready yet. [3/15]
2021-09-13 15:59:26,897 [FATAL] Updater:284 - Updater called before beeing initialized
2021-09-13 15:59:26,897 [ERROR] AbstractThirdPartyUpdaterManager:153 - class java.lang.Integer cannot be cast to class java.util.List (java.lang.Integer and java.util.List are in module java.base of loader 'bootstrap')
2021-09-13 15:59:26,898 [INFO] ThirdParty:900 - Integrity check success = false
2021-09-13 15:59:26,898 [INFO] IntegrityCheckThread:75 - exiting critical section [integrity check]
2021-09-13 15:59:26,898 [INFO] IntegrityCheckThread:78 - End integrity checks thread
2021-09-13 15:59:26,898 [INFO] ThirdParty:798 - entering critical section [close project]
2021-09-13 15:59:26,901 [INFO] ThirdParty:809 - exiting critical section [close project]
2021-09-13 15:59:26,907 [INFO] PinOutPanel:1435 - setPackage(No Configuration,No Configuration)
2021-09-13 15:59:26,908 [FATAL] Updater:284 - Updater called before beeing initialized
2021-09-13 15:59:26,928 [ERROR] Updater:1065 - MainUpdater not yet initialized. External WinMGr cannot be set.
2021-09-13 15:59:26,952 [INFO] Updater:1002 - Updater Version found : 6.2.1
2021-09-13 15:59:26,997 [INFO] ApplicationProperties:181 - Using Application install path: C:\ST\STM32CubeIDE_1.6.1\STM32CubeIDE\plugins\com.st.stm32cube.common.mx_6.2.1.202103241236
2021-09-13 15:59:27,216 [INFO] MainUpdater:2661 - connection check result : 10
2021-09-13 15:59:27,217 [INFO] MainUpdater:3349 - Updater definition file requires update
2021-09-13 15:59:27,218 [INFO] MainUpdater:255 - Updater Check For Update Now.
2021-09-13 15:59:27,219 [INFO] MicroXplorer:472 - Change Database Version : DB.6.0.21
2021-09-13 15:59:27,257 [INFO] ServerAccessManage:348 - Download File updaters.zip
2021-09-13 15:59:27,341 [INFO] FileExtend:225 - Unzip File : updaters.zip
2021-09-13 15:59:27,341 [INFO] FileExtend:240 - Standard Zip Deflate
2021-09-13 15:59:28,102 [INFO] ServerAccessManage:348 - Download File PacksControlFlags.xml
2021-09-13 15:59:28,254 [INFO] ServerAccessManage:348 - Download File cubemx.pidx
2021-09-13 15:59:29,181 [INFO] LoadServerUpdatesThread:329 - End of LoadServerUpdate Thread
2021-09-13 15:59:29,219 [INFO] CheckServerUpdateThread:102 - End of CheckServer Thread
2021-09-13 15:59:29,319 [INFO] MainUpdater:2661 - connection check result : 10
2021-09-13 15:59:29,334 [INFO] MainUpdater:2661 - connection check result : 10
2021-09-13 15:59:29,604 [INFO] MicroXplorer:442 - Change Database Path : 
2021-09-13 15:59:29,604 [INFO] MicroXplorer:472 - Change Database Version : DB.6.0.21
2021-09-13 15:59:29,604 [WARN] ThirdParty:796 - waiting for thirdparty lock release [close project]
2021-09-13 15:59:29,604 [INFO] ThirdParty:798 - entering critical section [close project]
2021-09-13 15:59:29,604 [INFO] ThirdParty:809 - exiting critical section [close project]
2021-09-13 15:59:29,619 [INFO] PinOutPanel:1435 - setPackage(No Configuration,No Configuration)
2021-09-13 15:59:29,619 [INFO] UtilMem:74 - Begin LoadConfig() Used Memory: 454906816 Bytes (1049624576)
2021-09-13 15:59:29,619 [INFO] MicroXplorer:442 - Change Database Path : 
2021-09-13 15:59:29,619 [INFO] MicroXplorer:472 - Change Database Version : DB.6.0.21
2021-09-13 15:59:29,619 [INFO] OpenFileManager:303 - Change cursor
2021-09-13 15:59:29,635 [WARN] IntegrityCheckThread:59 - waiting for thirdparty lock release [integrity check]
2021-09-13 15:59:29,635 [INFO] IntegrityCheckThread:61 - entering critical section [integrity check]
2021-09-13 15:59:29,782 [WARN] PackLoader:226 - Cannot read IP mode file for RoweBots.I-CUBE-UNISONRTOS.5.5.0-4
2021-09-13 15:59:29,826 [WARN] PackLoader:226 - Cannot read IP mode file for STMicroelectronics.X-CUBE-SFXS2LP1.3.0.0
2021-09-13 15:59:29,867 [WARN] PackLoader:226 - Cannot read IP mode file for STMicroelectronics.X-CUBE-SUBG2.4.1.0
2021-09-13 15:59:29,998 [WARN] PackLoader:226 - Cannot read IP mode file for STMicroelectronics.X-CUBE-MEMS1.9.0.0
2021-09-13 15:59:30,318 [WARN] PackLoader:226 - Cannot read IP mode file for STMicroelectronics.X-CUBE-AZRTOS-H7.1.1.0
2021-09-13 15:59:30,330 [WARN] PackLoader:226 - Cannot read IP mode file for STMicroelectronics.X-CUBE-EEPRMA1.3.0.0
2021-09-13 15:59:30,401 [WARN] PackLoader:226 - Cannot read IP mode file for SEGGER.I-CUBE-embOS.1.2.0
2021-09-13 15:59:30,469 [WARN] PackLoader:226 - Cannot read IP mode file for STMicroelectronics.X-CUBE-BLE1.6.2.0
2021-09-13 15:59:30,489 [WARN] PackLoader:226 - Cannot read IP mode file for STMicroelectronics.X-CUBE-BLE1.6.2.1
2021-09-13 15:59:30,499 [WARN] PackLoader:226 - Cannot read IP mode file for STMicroelectronics.X-CUBE-BLE2.3.2.1
2021-09-13 15:59:30,511 [WARN] PackLoader:226 - Cannot read IP mode file for STMicroelectronics.X-CUBE-NFC4.2.0.3
2021-09-13 15:59:30,521 [WARN] PackLoader:226 - Cannot read IP mode file for STMicroelectronics.X-CUBE-NFC4.2.0.2
2021-09-13 15:59:30,521 [WARN] PackLoader:226 - Cannot read IP mode file for STMicroelectronics.X-CUBE-TOUCHGFX.4.17.0
2021-09-13 15:59:30,540 [WARN] PackLoader:226 - Cannot read IP mode file for STMicroelectronics.X-CUBE-BLE2.3.2.0
2021-09-13 15:59:30,552 [WARN] PackLoader:226 - Cannot read IP mode file for STMicroelectronics.X-CUBE-SFXS2LP1.3.1.0
2021-09-13 15:59:30,606 [WARN] PackLoader:226 - Cannot read IP mode file for STMicroelectronics.X-CUBE-AZRTOS-F4.1.0.0
2021-09-13 15:59:30,637 [WARN] PackLoader:226 - Cannot read IP mode file for STMicroelectronics.X-CUBE-AZRTOS-H7.2.0.0
2021-09-13 15:59:30,652 [WARN] PackLoader:226 - Cannot read IP mode file for STMicroelectronics.X-CUBE-TOF1.2.0.0
2021-09-13 15:59:30,668 [WARN] PackLoader:226 - Cannot read IP mode file for STMicroelectronics.X-CUBE-SUBG2.4.0.0
2021-09-13 15:59:30,690 [WARN] PackLoader:226 - Cannot read IP mode file for STMicroelectronics.X-CUBE-SUBG2.4.2.0
2021-09-13 15:59:30,706 [WARN] PackLoader:226 - Cannot read IP mode file for STMicroelectronics.X-CUBE-TOF1.1.0.0
2021-09-13 15:59:30,737 [WARN] PackLoader:226 - Cannot read IP mode file for STMicroelectronics.X-CUBE-AZRTOS-H7.1.0.0
2021-09-13 15:59:30,753 [WARN] PackLoader:226 - Cannot read IP mode file for STMicroelectronics.X-CUBE-ALS.1.0.1
2021-09-13 15:59:30,753 [WARN] PackLoader:226 - Cannot read IP mode file for STMicroelectronics.X-CUBE-AI.7.0.0
2021-09-13 15:59:30,753 [WARN] PackLoader:226 - Cannot read IP mode file for STMicroelectronics.X-CUBE-ALGOBUILD.1.2.1
2021-09-13 15:59:30,806 [WARN] PackLoader:226 - Cannot read IP mode file for STMicroelectronics.X-CUBE-MEMS1.8.3.0
2021-09-13 15:59:30,922 [WARN] PackLoader:226 - Cannot read IP mode file for STMicroelectronics.X-CUBE-DISPLAY.1.0.0
2021-09-13 15:59:30,938 [WARN] PackLoader:226 - Cannot read IP mode file for STMicroelectronics.X-CUBE-AI.6.0.0
2021-09-13 15:59:30,938 [WARN] PackLoader:226 - Cannot read IP mode file for STMicroelectronics.X-CUBE-EEPRMA1.3.1.0
2021-09-13 15:59:30,953 [WARN] PackLoader:226 - Cannot read IP mode file for STMicroelectronics.X-CUBE-ALGOBUILD.1.2.0
2021-09-13 15:59:30,969 [WARN] PackLoader:226 - Cannot read IP mode file for STMicroelectronics.X-CUBE-GNSS1.5.2.0
2021-09-13 15:59:30,991 [WARN] PackLoader:226 - Cannot read IP mode file for STMicroelectronics.X-CUBE-BLE1.6.1.0
2021-09-13 15:59:31,007 [WARN] PackLoader:226 - Cannot read IP mode file for wolfSSL.I-CUBE-wolfSSL.4.7.0
2021-09-13 15:59:31,022 [WARN] PackLoader:226 - Cannot read IP mode file for STMicroelectronics.X-CUBE-TOUCHGFX.4.16.1
2021-09-13 15:59:31,022 [INFO] ThirdParty:900 - Integrity check success = true
2021-09-13 15:59:31,022 [INFO] IntegrityCheckThread:75 - exiting critical section [integrity check]
2021-09-13 15:59:31,022 [INFO] IntegrityCheckThread:78 - End integrity checks thread
2021-09-13 15:59:33,827 [INFO] Context:587 - Trying to add GPIOservice into a context  which must be forbidden
2021-09-13 15:59:34,729 [WARN] ApiManager:294 - Cannot register API 'Board Extension:S2868A1' from pack STMicroelectronics.X-CUBE-SFXS2LP1.3.1.0: no header file found
2021-09-13 15:59:34,729 [WARN] ApiManager:294 - Cannot register API 'Board Extension:S2868A2' from pack STMicroelectronics.X-CUBE-SFXS2LP1.3.1.0: no header file found
2021-09-13 15:59:34,729 [WARN] ApiManager:294 - Cannot register API 'Board Extension:S2915A1' from pack STMicroelectronics.X-CUBE-SFXS2LP1.3.1.0: no header file found
2021-09-13 15:59:34,729 [WARN] ApiManager:294 - Cannot register API 'Board Extension:S2868A1' from pack STMicroelectronics.X-CUBE-SFXS2LP1.3.0.0: no header file found
2021-09-13 15:59:34,729 [WARN] ApiManager:294 - Cannot register API 'Board Extension:S2868A2' from pack STMicroelectronics.X-CUBE-SFXS2LP1.3.0.0: no header file found
2021-09-13 15:59:34,729 [WARN] ApiManager:294 - Cannot register API 'Board Extension:S2915A1' from pack STMicroelectronics.X-CUBE-SFXS2LP1.3.0.0: no header file found
2021-09-13 15:59:34,761 [WARN] ModelIntegratedComponent:51 - No mode defined for component null
2021-09-13 15:59:34,761 [WARN] ModelIntegratedComponent:51 - No mode defined for component null
2021-09-13 15:59:34,761 [WARN] ModelIntegratedComponent:51 - No mode defined for component null
2021-09-13 15:59:34,761 [WARN] ModelIntegratedComponent:51 - No mode defined for component null
2021-09-13 15:59:34,761 [WARN] ModelIntegratedComponent:51 - No mode defined for component null
2021-09-13 15:59:34,761 [WARN] ModelIntegratedComponent:51 - No mode defined for component null
2021-09-13 15:59:34,761 [WARN] ModelIntegratedComponent:51 - No mode defined for component null
2021-09-13 15:59:34,761 [WARN] ModelIntegratedComponent:51 - No mode defined for component null
2021-09-13 15:59:34,761 [WARN] ModelIntegratedComponent:51 - No mode defined for component null
2021-09-13 15:59:34,761 [WARN] ModelIntegratedComponent:51 - No mode defined for component null
2021-09-13 15:59:34,761 [WARN] ModelIntegratedComponent:51 - No mode defined for component null
2021-09-13 15:59:34,761 [WARN] ModelIntegratedComponent:51 - No mode defined for component null
2021-09-13 15:59:34,761 [WARN] ModelIntegratedComponent:51 - No mode defined for component null
2021-09-13 15:59:34,761 [WARN] ModelIntegratedComponent:51 - No mode defined for component null
2021-09-13 15:59:34,761 [WARN] ModelIntegratedComponent:51 - No mode defined for component null
2021-09-13 15:59:34,761 [WARN] ModelIntegratedComponent:51 - No mode defined for component null
2021-09-13 15:59:34,761 [WARN] ModelIntegratedComponent:51 - No mode defined for component null
2021-09-13 15:59:34,761 [WARN] ModelIntegratedComponent:51 - No mode defined for component null
2021-09-13 15:59:34,761 [WARN] ModelIntegratedComponent:51 - No mode defined for component null
2021-09-13 15:59:34,761 [WARN] ModelIntegratedComponent:51 - No mode defined for component null
2021-09-13 15:59:34,761 [WARN] ModelIntegratedComponent:51 - No mode defined for component null
2021-09-13 15:59:34,761 [WARN] ModelIntegratedComponent:51 - No mode defined for component null
2021-09-13 15:59:34,776 [WARN] ModelIntegratedComponent:51 - No mode defined for component null
2021-09-13 15:59:34,776 [WARN] ModelIntegratedComponent:51 - No mode defined for component null
2021-09-13 15:59:34,776 [WARN] ModelIntegratedComponent:51 - No mode defined for component null
2021-09-13 15:59:34,776 [WARN] ModelIntegratedComponent:51 - No mode defined for component null
2021-09-13 15:59:34,776 [WARN] ModelIntegratedComponent:51 - No mode defined for component null
2021-09-13 15:59:34,776 [WARN] ApiManager:294 - Cannot register API 'Board Extension:S2868A1' from pack STMicroelectronics.X-CUBE-SUBG2.4.1.0: no header file found
2021-09-13 15:59:34,776 [WARN] ApiManager:294 - Cannot register API 'Board Extension:S2868A2' from pack STMicroelectronics.X-CUBE-SUBG2.4.1.0: no header file found
2021-09-13 15:59:34,776 [WARN] ApiManager:294 - Cannot register API 'Board Extension:S2915A1' from pack STMicroelectronics.X-CUBE-SUBG2.4.1.0: no header file found
2021-09-13 15:59:35,062 [WARN] ApiManager:294 - Cannot register API 'Board Extension:IKS01A3' from pack STMicroelectronics.X-CUBE-MEMS1.9.0.0: no header file found
2021-09-13 15:59:35,062 [WARN] ApiManager:294 - Cannot register API 'Board Extension:IKS01A2' from pack STMicroelectronics.X-CUBE-MEMS1.9.0.0: no header file found
2021-09-13 15:59:35,062 [WARN] ApiManager:294 - Cannot register API 'Board Extension:IKS02A1' from pack STMicroelectronics.X-CUBE-MEMS1.9.0.0: no header file found
2021-09-13 15:59:35,077 [WARN] ApiManager:294 - Cannot register API 'Board Extension:S2868A1' from pack STMicroelectronics.X-CUBE-SUBG2.4.0.0: no header file found
2021-09-13 15:59:35,077 [WARN] ApiManager:294 - Cannot register API 'Board Extension:S2868A2' from pack STMicroelectronics.X-CUBE-SUBG2.4.0.0: no header file found
2021-09-13 15:59:35,077 [WARN] ApiManager:294 - Cannot register API 'Board Extension:S2915A1' from pack STMicroelectronics.X-CUBE-SUBG2.4.0.0: no header file found
2021-09-13 15:59:35,093 [WARN] ApiManager:294 - Cannot register API 'Board Extension:S2868A1' from pack STMicroelectronics.X-CUBE-SUBG2.4.2.0: no header file found
2021-09-13 15:59:35,093 [WARN] ApiManager:294 - Cannot register API 'Board Extension:S2868A2' from pack STMicroelectronics.X-CUBE-SUBG2.4.2.0: no header file found
2021-09-13 15:59:35,093 [WARN] ApiManager:294 - Cannot register API 'Board Extension:S2915A1' from pack STMicroelectronics.X-CUBE-SUBG2.4.2.0: no header file found
2021-09-13 15:59:35,100 [WARN] ApiManager:294 - Cannot register API 'Board Extension:EEPRMA1' from pack STMicroelectronics.X-CUBE-EEPRMA1.3.0.0: no header file found
2021-09-13 15:59:35,100 [WARN] ApiManager:294 - Cannot register API 'Board Extension:EEPRMA2' from pack STMicroelectronics.X-CUBE-EEPRMA1.3.0.0: no header file found
2021-09-13 15:59:35,316 [WARN] ApiManager:294 - Cannot register API 'Board Extension:IKS01A3' from pack STMicroelectronics.X-CUBE-MEMS1.8.3.0: no header file found
2021-09-13 15:59:35,316 [WARN] ApiManager:294 - Cannot register API 'Board Extension:IKS01A2' from pack STMicroelectronics.X-CUBE-MEMS1.8.3.0: no header file found
2021-09-13 15:59:35,316 [WARN] ApiManager:294 - Cannot register API 'Board Extension:IKS02A1' from pack STMicroelectronics.X-CUBE-MEMS1.8.3.0: no header file found
2021-09-13 15:59:35,331 [INFO] RtosManager:470 - Registered RTOS mode: class=CMSIS, group=RTOS, mode=CMSIS_V1, owner=FREERTOS
2021-09-13 15:59:35,331 [INFO] RtosManager:470 - Registered RTOS mode: class=CMSIS, group=RTOS2, mode=CMSIS_V2, owner=FREERTOS
2021-09-13 15:59:35,331 [INFO] RtosManager:470 - Registered RTOS mode: class=RTOS, group=Core, mode=CMSIS_V1, owner=FREERTOS
2021-09-13 15:59:35,331 [INFO] RtosManager:470 - Registered RTOS mode: class=RTOS, group=Core, mode=CMSIS_V2, owner=FREERTOS
2021-09-13 15:59:35,331 [WARN] ModelIntegratedComponent:182 - Missing modes for component STMicroelectronics:FreeRTOS:0.0.1:STMicroelectronics:RTOS:FreeRTOS:Core:::10.2.0:
2021-09-13 15:59:35,331 [WARN] ApiManager:294 - Cannot register API 'Board Extension:EEPRMA1' from pack STMicroelectronics.X-CUBE-EEPRMA1.3.1.0: no header file found
2021-09-13 15:59:35,331 [WARN] ApiManager:294 - Cannot register API 'Board Extension:EEPRMA2' from pack STMicroelectronics.X-CUBE-EEPRMA1.3.1.0: no header file found
2021-09-13 15:59:35,331 [WARN] ApiManager:294 - Cannot register API 'Board Extension:GNSS1A1' from pack STMicroelectronics.X-CUBE-GNSS1.5.2.0: no header file found
2021-09-13 15:59:35,331 [WARN] ApiManager:294 - Cannot register API 'Board Support:Custom' from pack STMicroelectronics.X-CUBE-GNSS1.5.2.0: no header file found
2021-09-13 15:59:35,331 [WARN] ApiManager:294 - Cannot register API 'Data Exchange:lib_gnss' from pack STMicroelectronics.X-CUBE-GNSS1.5.2.0: no header file found
2021-09-13 15:59:35,331 [WARN] ApiManager:294 - Cannot register API 'Wireless:BlueNRG-MS' from pack STMicroelectronics.X-CUBE-BLE1.6.1.0: no header file found
2021-09-13 15:59:35,347 [WARN] ApiManager:294 - Cannot register API 'Wireless:BlueNRG-MS' from pack STMicroelectronics.X-CUBE-BLE1.6.2.0: no header file found
2021-09-13 15:59:35,347 [WARN] ApiManager:294 - Cannot register API 'Wireless:BlueNRG-MS' from pack STMicroelectronics.X-CUBE-BLE1.6.2.1: no header file found
2021-09-13 15:59:35,347 [WARN] ApiManager:294 - Cannot register API 'Wireless:BlueNRG-2' from pack STMicroelectronics.X-CUBE-BLE2.3.2.1: no header file found
2021-09-13 15:59:35,347 [WARN] ApiManager:294 - Cannot register API 'Board Extension:NFC04A1' from pack STMicroelectronics.X-CUBE-NFC4.2.0.3: no header file found
2021-09-13 15:59:35,347 [WARN] ApiManager:294 - Cannot register API 'Board Extension:NFC04A1' from pack STMicroelectronics.X-CUBE-NFC4.2.0.2: no header file found
2021-09-13 15:59:35,347 [WARN] ApiManager:294 - Cannot register API 'Wireless:BlueNRG-2' from pack STMicroelectronics.X-CUBE-BLE2.3.2.0: no header file found
2021-09-13 15:59:38,486 [INFO] ImportTextPane:162 - (OptionalMessage_ERROR) IP (RCC) : Invalid parameter (48MHZClocksFreq_Value)
2021-09-13 15:59:38,486 [INFO] ImportTextPane:162 - (OptionalMessage_ERROR) IP (RCC) : Invalid parameter (EthernetFreq_Value)
2021-09-13 15:59:38,486 [INFO] ImportTextPane:162 - (OptionalMessage_ERROR) IP (RCC) : Parameter (FLatency) has Id (AdvancedSettings) currently not set
2021-09-13 15:59:38,486 [INFO] ImportTextPane:162 - (OptionalMessage_ERROR) IP (RCC) : Invalid parameter (FamilyName)
2021-09-13 15:59:38,486 [INFO] ImportTextPane:162 - (OptionalMessage_ERROR) IP (RCC) : Invalid parameter (I2SClocksFreq_Value)
2021-09-13 15:59:38,486 [INFO] ImportTextPane:162 - (OptionalMessage_ERROR) IP (RCC) : Parameter (SDIOFreq_Value) has invalid value (168000000)
2021-09-13 15:59:38,486 [INFO] ImportTextPane:162 - (OptionalMessage_ERROR) IP (RCC) : Parameter (USBFreq_Value) has invalid value (168000000)
2021-09-13 15:59:38,486 [INFO] ImportTextPane:162 - (OptionalMessage_ERROR) IP (RCC) : Invalid parameter (VCOInputMFreq_Value)
2021-09-13 15:59:38,486 [INFO] ImportTextPane:162 - (OptionalMessage_ERROR) IP (RCC) : Invalid parameter (VcooutputI2S)
2021-09-13 15:59:38,838 [INFO] UtilMem:74 - End LoadConfig() Used Memory: 561270272 Bytes (1049624576)
2021-09-13 15:59:38,838 [INFO] DbMcusXml:100 - Load MCU database from C:\ST\STM32CubeIDE_1.6.1\STM32CubeIDE\plugins\com.st.stm32cube.common.mx_6.2.1.202103241236\\db\/mcu/families.xml
2021-09-13 15:59:39,709 [INFO] DbMcusJson:94 - JSON generation date=Mon Jun 07 09:53:21 BST 2021 (1623056001)
2021-09-13 15:59:40,481 [INFO] DbMcus:175 - Found 1906 MCUs (1866 are supported by CubeMX, 1866 are visible in CubeMX)
2021-09-13 15:59:40,481 [INFO] ApiDb:251 - Load user favorites file C:\Users\KenechukwuEzeonyim/.stm32cubeide/favorites.mcus.txt: 0 item(s)
2021-09-13 15:59:40,481 [INFO] ApiDb:255 - User favorites MCUs=[]
2021-09-13 15:59:40,481 [INFO] DbMcus:187 - Set 0 / 0 favorites MCUs
2021-09-13 15:59:40,497 [WARN] ThirdParty:762 - waiting for thirdparty lock release [change project]
2021-09-13 15:59:40,497 [INFO] ThirdParty:764 - entering critical section [change project]
2021-09-13 15:59:40,503 [INFO] ThirdParty:952 - CMSIS Pack Vendor :STMicroelectronics X-CUBE-SFXS2LP1 3.1.0
2021-09-13 15:59:40,503 [INFO] ThirdParty:952 - CMSIS Pack Vendor :RoweBots I-CUBE-UNISONRTOS 5.5.0-4
2021-09-13 15:59:40,503 [INFO] ThirdParty:952 - CMSIS Pack Vendor :STMicroelectronics X-CUBE-SFXS2LP1 3.0.0
2021-09-13 15:59:40,503 [INFO] ThirdParty:952 - CMSIS Pack Vendor :STMicroelectronics X-CUBE-AZRTOS-F4 1.0.0
2021-09-13 15:59:40,503 [INFO] ThirdParty:952 - CMSIS Pack Vendor :STMicroelectronics USB_HOST 2.0.0
2021-09-13 15:59:40,503 [INFO] ThirdParty:952 - CMSIS Pack Vendor :STMicroelectronics X-CUBE-AZRTOS-H7 2.0.0
2021-09-13 15:59:40,503 [INFO] ThirdParty:952 - CMSIS Pack Vendor :STMicroelectronics USB_DEVICE 3.0.0
2021-09-13 15:59:40,503 [INFO] ThirdParty:952 - CMSIS Pack Vendor :STMicroelectronics X-CUBE-TOF1 2.0.0
2021-09-13 15:59:40,503 [INFO] ThirdParty:952 - CMSIS Pack Vendor :STMicroelectronics HAL Drivers 0.0.0
2021-09-13 15:59:40,503 [INFO] ThirdParty:952 - CMSIS Pack Vendor :STMicroelectronics MBEDTLS 2.16.2
2021-09-13 15:59:40,503 [INFO] ThirdParty:952 - CMSIS Pack Vendor :STMicroelectronics MBEDTLS 2.14.1
2021-09-13 15:59:40,503 [INFO] ThirdParty:952 - CMSIS Pack Vendor :STMicroelectronics X-CUBE-SUBG2 4.1.0
2021-09-13 15:59:40,503 [INFO] ThirdParty:952 - CMSIS Pack Vendor :STMicroelectronics X-CUBE-MEMS1 9.0.0
2021-09-13 15:59:40,503 [INFO] ThirdParty:952 - CMSIS Pack Vendor :STMicroelectronics X-CUBE-SUBG2 4.0.0
2021-09-13 15:59:40,503 [INFO] ThirdParty:952 - CMSIS Pack Vendor :STMicroelectronics X-CUBE-AZRTOS-H7 1.1.0
2021-09-13 15:59:40,503 [INFO] ThirdParty:952 - CMSIS Pack Vendor :STMicroelectronics X-CUBE-SUBG2 4.2.0
2021-09-13 15:59:40,503 [INFO] ThirdParty:952 - CMSIS Pack Vendor :STMicroelectronics X-CUBE-TOF1 1.0.0
2021-09-13 15:59:40,503 [INFO] ThirdParty:952 - CMSIS Pack Vendor :STMicroelectronics X-CUBE-AZRTOS-H7 1.0.0
2021-09-13 15:59:40,503 [INFO] ThirdParty:952 - CMSIS Pack Vendor :STMicroelectronics X-CUBE-ALS 1.0.1
2021-09-13 15:59:40,503 [INFO] ThirdParty:952 - CMSIS Pack Vendor :STMicroelectronics USB_DEVICE 2.0.0
2021-09-13 15:59:40,503 [INFO] ThirdParty:952 - CMSIS Pack Vendor :STMicroelectronics X-CUBE-AI 7.0.0
2021-09-13 15:59:40,503 [INFO] ThirdParty:952 - CMSIS Pack Vendor :STMicroelectronics X-CUBE-ALGOBUILD 1.2.1
2021-09-13 15:59:40,503 [INFO] ThirdParty:952 - CMSIS Pack Vendor :STMicroelectronics X-CUBE-EEPRMA1 3.0.0
2021-09-13 15:59:40,503 [INFO] ThirdParty:952 - CMSIS Pack Vendor :STMicroelectronics X-CUBE-MEMS1 8.3.0
2021-09-13 15:59:40,503 [INFO] ThirdParty:952 - CMSIS Pack Vendor :STMicroelectronics X-CUBE-DISPLAY 1.0.0
2021-09-13 15:59:40,503 [INFO] ThirdParty:952 - CMSIS Pack Vendor :STMicroelectronics FreeRTOS 0.0.1
2021-09-13 15:59:40,503 [INFO] ThirdParty:952 - CMSIS Pack Vendor :STMicroelectronics USB_DEVICE 1.0.0
2021-09-13 15:59:40,503 [INFO] ThirdParty:952 - CMSIS Pack Vendor :STMicroelectronics X-CUBE-AI 6.0.0
2021-09-13 15:59:40,503 [INFO] ThirdParty:952 - CMSIS Pack Vendor :SEGGER I-CUBE-embOS 1.2.0
2021-09-13 15:59:40,503 [INFO] ThirdParty:952 - CMSIS Pack Vendor :STMicroelectronics X-CUBE-EEPRMA1 3.1.0
2021-09-13 15:59:40,503 [INFO] ThirdParty:952 - CMSIS Pack Vendor :STMicroelectronics X-CUBE-ALGOBUILD 1.2.0
2021-09-13 15:59:40,503 [INFO] ThirdParty:952 - CMSIS Pack Vendor :STMicroelectronics X-CUBE-GNSS1 5.2.0
2021-09-13 15:59:40,503 [INFO] ThirdParty:952 - CMSIS Pack Vendor :STMicroelectronics X-CUBE-BLE1 6.1.0
2021-09-13 15:59:40,503 [INFO] ThirdParty:952 - CMSIS Pack Vendor :STMicroelectronics lwIP 2.0.3
2021-09-13 15:59:40,503 [INFO] ThirdParty:952 - CMSIS Pack Vendor :STMicroelectronics lwIP 2.1.2
2021-09-13 15:59:40,503 [INFO] ThirdParty:952 - CMSIS Pack Vendor :STMicroelectronics X-CUBE-BLE1 6.2.0
2021-09-13 15:59:40,503 [INFO] ThirdParty:952 - CMSIS Pack Vendor :STMicroelectronics X-CUBE-BLE1 6.2.1
2021-09-13 15:59:40,503 [INFO] ThirdParty:952 - CMSIS Pack Vendor :STMicroelectronics X-CUBE-BLE2 3.2.1
2021-09-13 15:59:40,503 [INFO] ThirdParty:952 - CMSIS Pack Vendor :STMicroelectronics USB_HOST 1.0.0
2021-09-13 15:59:40,503 [INFO] ThirdParty:952 - CMSIS Pack Vendor :STMicroelectronics X-CUBE-NFC4 2.0.3
2021-09-13 15:59:40,503 [INFO] ThirdParty:952 - CMSIS Pack Vendor :STMicroelectronics X-CUBE-NFC4 2.0.2
2021-09-13 15:59:40,503 [INFO] ThirdParty:952 - CMSIS Pack Vendor :STMicroelectronics X-CUBE-TOUCHGFX 4.17.0
2021-09-13 15:59:40,503 [INFO] ThirdParty:952 - CMSIS Pack Vendor :wolfSSL I-CUBE-wolfSSL 4.7.0
2021-09-13 15:59:40,503 [INFO] ThirdParty:952 - CMSIS Pack Vendor :STMicroelectronics X-CUBE-TOUCHGFX 4.16.1
2021-09-13 15:59:40,503 [INFO] ThirdParty:952 - CMSIS Pack Vendor :STMicroelectronics PDM2PCM 3.1.0
2021-09-13 15:59:40,503 [INFO] ThirdParty:952 - CMSIS Pack Vendor :STMicroelectronics PDM2PCM 3.2.0
2021-09-13 15:59:40,503 [INFO] ThirdParty:952 - CMSIS Pack Vendor :STMicroelectronics PDM2PCM 3.3.0
2021-09-13 15:59:40,503 [INFO] ThirdParty:952 - CMSIS Pack Vendor :STMicroelectronics X-CUBE-BLE2 3.2.0
2021-09-13 15:59:40,503 [INFO] ThirdParty:770 - exiting critical section [change project]
2021-09-13 15:59:41,036 [INFO] PinOutPanel:1435 - setPackage(No Configuration,No Configuration)
2021-09-13 15:59:41,036 [INFO] PinOutPanel:1435 - setPackage(STM32F446RETx,LQFP64)
2021-09-13 15:59:41,653 [INFO] UtilMem:74 - Before build in PCC Used Memory: 533393920 Bytes (1069547520)
2021-09-13 15:59:42,285 [INFO] SharedServices:72 - Folder for power plug-in: C:/Users/KenechukwuEzeonyim/.stm32cubemx/plugins/power
2021-09-13 15:59:42,339 [INFO] SharedServices:72 - Folder for power plug-in: C:/Users/KenechukwuEzeonyim/.stm32cubemx/plugins/power
2021-09-13 15:59:42,407 [INFO] SharedServices:72 - Folder for power plug-in: C:/Users/KenechukwuEzeonyim/.stm32cubemx/plugins/power
2021-09-13 15:59:42,407 [INFO] SharedServices:72 - Folder for power plug-in: C:/Users/KenechukwuEzeonyim/.stm32cubemx/plugins/power
2021-09-13 15:59:42,624 [INFO] UtilMem:74 - After build in PCC Used Memory: 625142272 Bytes (1069547520)
2021-09-13 15:59:42,655 [INFO] IPUIPlugin:64 - create IPUIPlugin
2021-09-13 15:59:42,655 [INFO] IPUIPlugin:64 - create IPUIPlugin
2021-09-13 15:59:42,655 [INFO] IPUIPlugin:64 - create IPUIPlugin
2021-09-13 15:59:42,670 [INFO] IPUIPlugin:64 - create IPUIPlugin
2021-09-13 15:59:42,670 [INFO] IPUIPlugin:64 - create IPUIPlugin
2021-09-13 15:59:42,670 [INFO] IPUIPlugin:64 - create IPUIPlugin
2021-09-13 15:59:42,670 [INFO] IPUIPlugin:64 - create IPUIPlugin
2021-09-13 15:59:42,670 [INFO] IPUIPlugin:64 - create IPUIPlugin
2021-09-13 15:59:42,670 [INFO] IPUIPlugin:64 - create IPUIPlugin
2021-09-13 15:59:42,670 [INFO] IPUIPlugin:64 - create IPUIPlugin
2021-09-13 15:59:42,670 [INFO] IPUIPlugin:64 - create IPUIPlugin
2021-09-13 15:59:42,670 [INFO] IPUIPlugin:64 - create IPUIPlugin
2021-09-13 15:59:42,670 [INFO] IPUIPlugin:64 - create IPUIPlugin
2021-09-13 15:59:42,670 [INFO] IPUIPlugin:64 - create IPUIPlugin
2021-09-13 15:59:42,670 [INFO] IPUIPlugin:64 - create IPUIPlugin
2021-09-13 15:59:42,670 [INFO] IPUIPlugin:64 - create IPUIPlugin
2021-09-13 15:59:42,670 [INFO] IPUIPlugin:64 - create IPUIPlugin
2021-09-13 15:59:42,670 [INFO] IPUIPlugin:64 - create IPUIPlugin
2021-09-13 15:59:42,670 [INFO] IPUIPlugin:64 - create IPUIPlugin
2021-09-13 15:59:42,670 [INFO] IPUIPlugin:64 - create IPUIPlugin
2021-09-13 15:59:42,670 [INFO] IPUIPlugin:64 - create IPUIPlugin
2021-09-13 15:59:42,670 [INFO] IPUIPlugin:64 - create IPUIPlugin
2021-09-13 15:59:42,670 [INFO] IPUIPlugin:64 - create IPUIPlugin
2021-09-13 15:59:42,670 [INFO] IPUIPlugin:64 - create IPUIPlugin
2021-09-13 15:59:42,670 [INFO] IPUIPlugin:64 - create IPUIPlugin
2021-09-13 15:59:42,670 [INFO] IPUIPlugin:64 - create IPUIPlugin
2021-09-13 15:59:42,670 [INFO] IPUIPlugin:64 - create IPUIPlugin
2021-09-13 15:59:42,670 [INFO] IPUIPlugin:64 - create IPUIPlugin
2021-09-13 15:59:42,670 [INFO] IPUIPlugin:64 - create IPUIPlugin
2021-09-13 15:59:42,670 [INFO] IPUIPlugin:64 - create IPUIPlugin
2021-09-13 15:59:42,670 [INFO] IPUIPlugin:64 - create IPUIPlugin
2021-09-13 15:59:42,670 [INFO] IPUIPlugin:64 - create IPUIPlugin
2021-09-13 15:59:42,670 [INFO] IPUIPlugin:64 - create IPUIPlugin
2021-09-13 15:59:42,670 [INFO] IPUIPlugin:64 - create IPUIPlugin
2021-09-13 15:59:42,670 [INFO] IPUIPlugin:64 - create IPUIPlugin
2021-09-13 15:59:42,670 [INFO] IPUIPlugin:64 - create IPUIPlugin
2021-09-13 15:59:42,670 [INFO] IPUIPlugin:64 - create IPUIPlugin
2021-09-13 15:59:42,670 [INFO] IPUIPlugin:64 - create IPUIPlugin
2021-09-13 15:59:42,670 [INFO] IPUIPlugin:64 - create IPUIPlugin
2021-09-13 15:59:42,670 [INFO] IPUIPlugin:64 - create IPUIPlugin
2021-09-13 15:59:42,670 [INFO] IPUIPlugin:64 - create IPUIPlugin
2021-09-13 15:59:42,670 [INFO] IPUIPlugin:64 - create IPUIPlugin
2021-09-13 15:59:42,670 [INFO] IPUIPlugin:64 - create IPUIPlugin
2021-09-13 15:59:42,670 [INFO] IPUIPlugin:64 - create IPUIPlugin
2021-09-13 15:59:42,670 [INFO] IPUIPlugin:64 - create IPUIPlugin
2021-09-13 15:59:42,670 [INFO] IPUIPlugin:64 - create IPUIPlugin
2021-09-13 15:59:42,670 [INFO] IPUIPlugin:64 - create IPUIPlugin
2021-09-13 15:59:42,686 [INFO] IPUIPlugin:64 - create IPUIPlugin
2021-09-13 15:59:42,686 [INFO] IPUIPlugin:64 - create IPUIPlugin
2021-09-13 15:59:42,686 [INFO] IPUIPlugin:64 - create IPUIPlugin
2021-09-13 15:59:42,686 [INFO] IPUIPlugin:64 - create IPUIPlugin
2021-09-13 15:59:42,686 [INFO] IPUIPlugin:64 - create IPUIPlugin
2021-09-13 15:59:42,686 [INFO] IPUIPlugin:64 - create IPUIPlugin
2021-09-13 15:59:42,686 [INFO] IPUIPlugin:64 - create IPUIPlugin
2021-09-13 15:59:42,686 [INFO] IPUIPlugin:64 - create IPUIPlugin
2021-09-13 15:59:42,686 [INFO] IPUIPlugin:64 - create IPUIPlugin
2021-09-13 15:59:42,686 [INFO] IPUIPlugin:64 - create IPUIPlugin
2021-09-13 15:59:42,686 [INFO] IPUIPlugin:64 - create IPUIPlugin
2021-09-13 15:59:42,686 [INFO] IPUIPlugin:64 - create IPUIPlugin
2021-09-13 15:59:42,686 [INFO] IPUIPlugin:64 - create IPUIPlugin
2021-09-13 15:59:42,739 [INFO] ApiDbMcu:458 - Load IP Config File for PDM2PCM
2021-09-13 15:59:42,786 [INFO] LogOutputStream:76 - [STDOUT_REDIRECT] toolchainItems.length=====1
2021-09-13 15:59:42,909 [INFO] OpenFileManager:323 - Restore cursor
2021-09-13 16:04:48,257 [INFO] Activator:170 - 


2021-09-13 16:04:48,273 [INFO] Activator:171 - !SESSION log4j initialized
